<?xml version="1.0" encoding="UTF-8"?>
<!-- Generated by org.testng.reporters.JUnitXMLReporter -->
<testsuite ignored="2" hostname="Tahu-PC" failures="0" tests="1" name="Login Test" time="5.337" errors="0" timestamp="2024-09-15T12:25:14 EDT">
  <testcase classname="com.facebook_tests.LoginTest" name="validLoginTest" time="0.385"/>
  <testcase classname="com.facebook_tests.LoginTest" name="invalidPasswordLoginTest" time="0.0">
    <ignored/>
  </testcase> <!-- invalidPasswordLoginTest -->
  <testcase classname="com.facebook_tests.LoginTest" name="invalidUserNameLoginTest" time="0.0">
    <ignored/>
  </testcase> <!-- invalidUserNameLoginTest -->
</testsuite> <!-- Login Test -->
